Build started 2012-11-07 오후 11:21:44.
     1>Project "C:\cocos2dx\SWMTAMA\proj.win32\Tamagotchi.win32.vcxproj" on node 2 (build target(s)).
     1>InitializeBuildStatus:
         Creating "Debug.win32\Tamagotchi.win32.unsuccessfulbuild" because "AlwaysCreate" was specified.
       ClCompile:
         c:\Program Files (x86)\Microsoft Visual Studio 10.0\VC\bin\CL.exe /c /I. /I..\Classes /IC:\cocos2dx\cocos2dx /IC:\cocos2dx\cocos2dx\include /IC:\cocos2dx\cocos2dx\kazmath\include /IC:\cocos2dx\cocos2dx\platform\win32 /IC:\cocos2dx\cocos2dx\platform\third_party\win32 /IC:\cocos2dx\cocos2dx\platform\third_party\win32\OGLES /IC:\cocos2dx\external /IC:\cocos2dx\CocosDenshion\include /ZI /nologo /W3 /WX- /Od /Oy- /D WIN32 /D _WINDOWS /D STRICT /D _CRT_SECURE_NO_WARNINGS /D _SCL_SECURE_NO_WARNINGS_DEBUG /D COCOS2D_DEBUG=1 /D _UNICODE /D UNICODE /D _AFXDLL /Gm /EHsc /RTC1 /MDd /GS /fp:precise /Zc:wchar_t /Zc:forScope /Fo"Debug.win32\\" /Fd"Debug.win32\vc100.pdb" /Gd /TP /wd4267 /wd4251 /wd4244 /analyze- /errorReport:prompt InGameScene.cpp
         InGameScene.cpp
     1>c:\cocos2dx\cocos2dx\platform\ccsaxparser.h : warning C4819: The file contains a character that cannot be represented in the current code page (949). Save the file in Unicode format to prevent data loss
     1>c:\cocos2dx\cocos2dx\platform\ccsaxparser.h : warning C4819: The file contains a character that cannot be represented in the current code page (949). Save the file in Unicode format to prevent data loss
     1>c:\cocos2dx\extensions\gui\cccontrolextension\cccontrolpotentiometer.h : warning C4819: The file contains a character that cannot be represented in the current code page (949). Save the file in Unicode format to prevent data loss
     1>c:\cocos2dx\swmtama\proj.win32\ingamescene.cpp(130): warning C4996: 'cocos2d::CCTMXTiledMap::tiledMapWithTMXFile': was declared deprecated
                 c:\cocos2dx\cocos2dx\tilemap_parallax_nodes\cctmxtiledmap.h(128) : see declaration of 'cocos2d::CCTMXTiledMap::tiledMapWithTMXFile'
       ResourceCompile:
         All outputs are up-to-date.
       ManifestResourceCompile:
         All outputs are up-to-date.
       Link:
         c:\Program Files (x86)\Microsoft Visual Studio 10.0\VC\bin\link.exe /ERRORREPORT:PROMPT /OUT:"C:\cocos2dx\Debug.win32\Tamagotchi.win32.exe" /INCREMENTAL /NOLOGO /LIBPATH:C:\cocos2dx\Debug.win32\ libExtensions.lib libcocos2d.lib libCocosDenshion.lib opengl32.lib glew32.lib libBox2d.lib libchipmunk.lib libcurl_imp.lib pthreadVCE2.lib /MANIFEST /ManifestFile:"Debug.win32\Tamagotchi.win32.exe.intermediate.manifest" /MANIFESTUAC:"level='asInvoker' uiAccess='false'" /DEBUG /PDB:"C:\cocos2dx\Debug.win32\Tamagotchi.win32.pdb" /SUBSYSTEM:WINDOWS /TLBID:1 /ENTRY:"wWinMainCRTStartup" /DYNAMICBASE /NXCOMPAT /IMPLIB:"C:\cocos2dx\Debug.win32\Tamagotchi.win32.lib" /MACHINE:X86 Debug.win32\Tamagotchi.res
         Debug.win32\Tamagotchi.win32.exe.embed.manifest.res
         Debug.win32\Animal.obj
         Debug.win32\AppDelegate.obj
         Debug.win32\BasisScene.obj
         Debug.win32\DataManager.obj
         Debug.win32\DefaultScene.obj
         Debug.win32\Elephant.obj
         Debug.win32\InGameScene.obj
         Debug.win32\Lion.obj
         Debug.win32\LoadingScene.obj
         Debug.win32\LoginScene.obj
         Debug.win32\main.obj
         Debug.win32\Monkey.obj
         Debug.win32\NetworkManager.obj
         Debug.win32\Player.obj
         Debug.win32\PreparingScene.obj
         Debug.win32\SceneManager.obj
         Debug.win32\Speaker.obj
         Debug.win32\Squirrel.obj
         Debug.win32\UIManager.obj
       Manifest:
         C:\Program Files (x86)\Microsoft SDKs\Windows\v7.0A\bin\mt.exe /nologo /verbose /out:"Debug.win32\Tamagotchi.win32.exe.embed.manifest" /manifest Debug.win32\Tamagotchi.win32.exe.intermediate.manifest "c:\Program Files (x86)\Microsoft Visual Studio 10.0\VC\Include\Manifest\dpiaware.manifest"
         All outputs are up-to-date.
       LinkEmbedManifest:
         All outputs are up-to-date.
         Tamagotchi.win32.vcxproj -> C:\cocos2dx\Debug.win32\Tamagotchi.win32.exe
       FinalizeBuildStatus:
         Deleting file "Debug.win32\Tamagotchi.win32.unsuccessfulbuild".
         Touching "Debug.win32\Tamagotchi.win32.lastbuildstate".
     1>Done Building Project "C:\cocos2dx\SWMTAMA\proj.win32\Tamagotchi.win32.vcxproj" (build target(s)).

Build succeeded.

Time Elapsed 00:00:03.27
