C:\COCOS2DX\DEBUG.WIN32\TAMAGOTCHI.WIN32.EXE
C:\COCOS2DX\DEBUG.WIN32\TAMAGOTCHI.WIN32.ILK
C:\COCOS2DX\DEBUG.WIN32\TAMAGOTCHI.WIN32.PDB
C:\COCOS2DX\TAMAGOTCHI\PROJ.WIN32\DEBUG.WIN32\ANIMAL.OBJ
C:\COCOS2DX\TAMAGOTCHI\PROJ.WIN32\DEBUG.WIN32\APPDELEGATE.OBJ
C:\COCOS2DX\TAMAGOTCHI\PROJ.WIN32\DEBUG.WIN32\BASISSCENE.OBJ
C:\cocos2dx\Tamagotchi\proj.win32\Debug.win32\cl.command.1.tlog
C:\cocos2dx\Tamagotchi\proj.win32\Debug.win32\CL.read.1.tlog
C:\cocos2dx\Tamagotchi\proj.win32\Debug.win32\CL.write.1.tlog
C:\COCOS2DX\TAMAGOTCHI\PROJ.WIN32\DEBUG.WIN32\DATAMANAGER.OBJ
C:\COCOS2DX\TAMAGOTCHI\PROJ.WIN32\DEBUG.WIN32\DEFAULTSCENE.OBJ
C:\COCOS2DX\TAMAGOTCHI\PROJ.WIN32\DEBUG.WIN32\ELEPHANT.OBJ
C:\COCOS2DX\TAMAGOTCHI\PROJ.WIN32\DEBUG.WIN32\HELLOWORLDSCENE.OBJ
C:\COCOS2DX\TAMAGOTCHI\PROJ.WIN32\DEBUG.WIN32\HTTPCLIENT.OBJ
C:\COCOS2DX\TAMAGOTCHI\PROJ.WIN32\DEBUG.WIN32\INGAMESCENE.OBJ
C:\COCOS2DX\TAMAGOTCHI\PROJ.WIN32\DEBUG.WIN32\JNIHELPER.OBJ
C:\cocos2dx\Tamagotchi\proj.win32\Debug.win32\link.1152.read.1.tlog
C:\cocos2dx\Tamagotchi\proj.win32\Debug.win32\link.1152.write.1.tlog
C:\cocos2dx\Tamagotchi\proj.win32\Debug.win32\link.1152-cvtres.read.1.tlog
C:\cocos2dx\Tamagotchi\proj.win32\Debug.win32\link.1152-cvtres.write.1.tlog
C:\cocos2dx\Tamagotchi\proj.win32\Debug.win32\link.2032.read.1.tlog
C:\cocos2dx\Tamagotchi\proj.win32\Debug.win32\link.2032.write.1.tlog
C:\cocos2dx\Tamagotchi\proj.win32\Debug.win32\link.2032-cvtres.read.1.tlog
C:\cocos2dx\Tamagotchi\proj.win32\Debug.win32\link.2032-cvtres.write.1.tlog
C:\cocos2dx\Tamagotchi\proj.win32\Debug.win32\link.2460.read.1.tlog
C:\cocos2dx\Tamagotchi\proj.win32\Debug.win32\link.2460.write.1.tlog
C:\cocos2dx\Tamagotchi\proj.win32\Debug.win32\link.2460-cvtres.read.1.tlog
C:\cocos2dx\Tamagotchi\proj.win32\Debug.win32\link.2460-cvtres.write.1.tlog
C:\cocos2dx\Tamagotchi\proj.win32\Debug.win32\link.2476.read.1.tlog
C:\cocos2dx\Tamagotchi\proj.win32\Debug.win32\link.2772.read.1.tlog
C:\cocos2dx\Tamagotchi\proj.win32\Debug.win32\link.2772.write.1.tlog
C:\cocos2dx\Tamagotchi\proj.win32\Debug.win32\link.2772-cvtres.read.1.tlog
C:\cocos2dx\Tamagotchi\proj.win32\Debug.win32\link.2772-cvtres.write.1.tlog
C:\cocos2dx\Tamagotchi\proj.win32\Debug.win32\link.2948.read.1.tlog
C:\cocos2dx\Tamagotchi\proj.win32\Debug.win32\link.2948.write.1.tlog
C:\cocos2dx\Tamagotchi\proj.win32\Debug.win32\link.2948-cvtres.read.1.tlog
C:\cocos2dx\Tamagotchi\proj.win32\Debug.win32\link.2948-cvtres.write.1.tlog
C:\cocos2dx\Tamagotchi\proj.win32\Debug.win32\link.2984.read.1.tlog
C:\cocos2dx\Tamagotchi\proj.win32\Debug.win32\link.2984.write.1.tlog
C:\cocos2dx\Tamagotchi\proj.win32\Debug.win32\link.2984-cvtres.read.1.tlog
C:\cocos2dx\Tamagotchi\proj.win32\Debug.win32\link.2984-cvtres.write.1.tlog
C:\cocos2dx\Tamagotchi\proj.win32\Debug.win32\link.3272.read.1.tlog
C:\cocos2dx\Tamagotchi\proj.win32\Debug.win32\link.3272.write.1.tlog
C:\cocos2dx\Tamagotchi\proj.win32\Debug.win32\link.3272-cvtres.read.1.tlog
C:\cocos2dx\Tamagotchi\proj.win32\Debug.win32\link.3272-cvtres.write.1.tlog
C:\cocos2dx\Tamagotchi\proj.win32\Debug.win32\link.3284.read.1.tlog
C:\cocos2dx\Tamagotchi\proj.win32\Debug.win32\link.3284.write.1.tlog
C:\cocos2dx\Tamagotchi\proj.win32\Debug.win32\link.3284-cvtres.read.1.tlog
C:\cocos2dx\Tamagotchi\proj.win32\Debug.win32\link.3284-cvtres.write.1.tlog
C:\cocos2dx\Tamagotchi\proj.win32\Debug.win32\link.3324.read.1.tlog
C:\cocos2dx\Tamagotchi\proj.win32\Debug.win32\link.3324.write.1.tlog
C:\cocos2dx\Tamagotchi\proj.win32\Debug.win32\link.3324-cvtres.read.1.tlog
C:\cocos2dx\Tamagotchi\proj.win32\Debug.win32\link.3324-cvtres.write.1.tlog
C:\cocos2dx\Tamagotchi\proj.win32\Debug.win32\link.3452.read.1.tlog
C:\cocos2dx\Tamagotchi\proj.win32\Debug.win32\link.3452.write.1.tlog
C:\cocos2dx\Tamagotchi\proj.win32\Debug.win32\link.3452-cvtres.read.1.tlog
C:\cocos2dx\Tamagotchi\proj.win32\Debug.win32\link.3452-cvtres.write.1.tlog
C:\cocos2dx\Tamagotchi\proj.win32\Debug.win32\link.3668.read.1.tlog
C:\cocos2dx\Tamagotchi\proj.win32\Debug.win32\link.3668.write.1.tlog
C:\cocos2dx\Tamagotchi\proj.win32\Debug.win32\link.3668-cvtres.read.1.tlog
C:\cocos2dx\Tamagotchi\proj.win32\Debug.win32\link.3668-cvtres.write.1.tlog
C:\cocos2dx\Tamagotchi\proj.win32\Debug.win32\link.3700.read.1.tlog
C:\cocos2dx\Tamagotchi\proj.win32\Debug.win32\link.3700.write.1.tlog
C:\cocos2dx\Tamagotchi\proj.win32\Debug.win32\link.3700-cvtres.read.1.tlog
C:\cocos2dx\Tamagotchi\proj.win32\Debug.win32\link.3700-cvtres.write.1.tlog
C:\cocos2dx\Tamagotchi\proj.win32\Debug.win32\link.3772.read.1.tlog
C:\cocos2dx\Tamagotchi\proj.win32\Debug.win32\link.3772.write.1.tlog
C:\cocos2dx\Tamagotchi\proj.win32\Debug.win32\link.3772-cvtres.read.1.tlog
C:\cocos2dx\Tamagotchi\proj.win32\Debug.win32\link.3772-cvtres.write.1.tlog
C:\cocos2dx\Tamagotchi\proj.win32\Debug.win32\link.3884.read.1.tlog
C:\cocos2dx\Tamagotchi\proj.win32\Debug.win32\link.3884.write.1.tlog
C:\cocos2dx\Tamagotchi\proj.win32\Debug.win32\link.3884-cvtres.read.1.tlog
C:\cocos2dx\Tamagotchi\proj.win32\Debug.win32\link.3884-cvtres.write.1.tlog
C:\cocos2dx\Tamagotchi\proj.win32\Debug.win32\link.3912.read.1.tlog
C:\cocos2dx\Tamagotchi\proj.win32\Debug.win32\link.3912.write.1.tlog
C:\cocos2dx\Tamagotchi\proj.win32\Debug.win32\link.3912-cvtres.read.1.tlog
C:\cocos2dx\Tamagotchi\proj.win32\Debug.win32\link.3912-cvtres.write.1.tlog
C:\cocos2dx\Tamagotchi\proj.win32\Debug.win32\link.4176.read.1.tlog
C:\cocos2dx\Tamagotchi\proj.win32\Debug.win32\link.4176.write.1.tlog
C:\cocos2dx\Tamagotchi\proj.win32\Debug.win32\link.4196.read.1.tlog
C:\cocos2dx\Tamagotchi\proj.win32\Debug.win32\link.4292.read.1.tlog
C:\cocos2dx\Tamagotchi\proj.win32\Debug.win32\link.4292.write.1.tlog
C:\cocos2dx\Tamagotchi\proj.win32\Debug.win32\link.4292-cvtres.read.1.tlog
C:\cocos2dx\Tamagotchi\proj.win32\Debug.win32\link.4292-cvtres.write.1.tlog
C:\cocos2dx\Tamagotchi\proj.win32\Debug.win32\link.4308.read.1.tlog
C:\cocos2dx\Tamagotchi\proj.win32\Debug.win32\link.4308.write.1.tlog
C:\cocos2dx\Tamagotchi\proj.win32\Debug.win32\link.4308-cvtres.read.1.tlog
C:\cocos2dx\Tamagotchi\proj.win32\Debug.win32\link.4308-cvtres.write.1.tlog
C:\cocos2dx\Tamagotchi\proj.win32\Debug.win32\link.4388.read.1.tlog
C:\cocos2dx\Tamagotchi\proj.win32\Debug.win32\link.4388.write.1.tlog
C:\cocos2dx\Tamagotchi\proj.win32\Debug.win32\link.4388-cvtres.read.1.tlog
C:\cocos2dx\Tamagotchi\proj.win32\Debug.win32\link.4388-cvtres.write.1.tlog
C:\cocos2dx\Tamagotchi\proj.win32\Debug.win32\link.4520.read.1.tlog
C:\cocos2dx\Tamagotchi\proj.win32\Debug.win32\link.4520.write.1.tlog
C:\cocos2dx\Tamagotchi\proj.win32\Debug.win32\link.4520-cvtres.read.1.tlog
C:\cocos2dx\Tamagotchi\proj.win32\Debug.win32\link.4520-cvtres.write.1.tlog
C:\cocos2dx\Tamagotchi\proj.win32\Debug.win32\link.4564.read.1.tlog
C:\cocos2dx\Tamagotchi\proj.win32\Debug.win32\link.4564.write.1.tlog
C:\cocos2dx\Tamagotchi\proj.win32\Debug.win32\link.4564-cvtres.read.1.tlog
C:\cocos2dx\Tamagotchi\proj.win32\Debug.win32\link.4564-cvtres.write.1.tlog
C:\cocos2dx\Tamagotchi\proj.win32\Debug.win32\link.4684.read.1.tlog
C:\cocos2dx\Tamagotchi\proj.win32\Debug.win32\link.4684.write.1.tlog
C:\cocos2dx\Tamagotchi\proj.win32\Debug.win32\link.4684-cvtres.read.1.tlog
C:\cocos2dx\Tamagotchi\proj.win32\Debug.win32\link.4684-cvtres.write.1.tlog
C:\cocos2dx\Tamagotchi\proj.win32\Debug.win32\link.4904.read.1.tlog
C:\cocos2dx\Tamagotchi\proj.win32\Debug.win32\link.4904.write.1.tlog
C:\cocos2dx\Tamagotchi\proj.win32\Debug.win32\link.4904-cvtres.read.1.tlog
C:\cocos2dx\Tamagotchi\proj.win32\Debug.win32\link.4904-cvtres.write.1.tlog
C:\cocos2dx\Tamagotchi\proj.win32\Debug.win32\link.5024.read.1.tlog
C:\cocos2dx\Tamagotchi\proj.win32\Debug.win32\link.5024.write.1.tlog
C:\cocos2dx\Tamagotchi\proj.win32\Debug.win32\link.5024-cvtres.read.1.tlog
C:\cocos2dx\Tamagotchi\proj.win32\Debug.win32\link.5024-cvtres.write.1.tlog
C:\cocos2dx\Tamagotchi\proj.win32\Debug.win32\link.5080.read.1.tlog
C:\cocos2dx\Tamagotchi\proj.win32\Debug.win32\link.5080.write.1.tlog
C:\cocos2dx\Tamagotchi\proj.win32\Debug.win32\link.5080-cvtres.read.1.tlog
C:\cocos2dx\Tamagotchi\proj.win32\Debug.win32\link.5080-cvtres.write.1.tlog
C:\cocos2dx\Tamagotchi\proj.win32\Debug.win32\link.5260.read.1.tlog
C:\cocos2dx\Tamagotchi\proj.win32\Debug.win32\link.5260.write.1.tlog
C:\cocos2dx\Tamagotchi\proj.win32\Debug.win32\link.5260-cvtres.read.1.tlog
C:\cocos2dx\Tamagotchi\proj.win32\Debug.win32\link.5260-cvtres.write.1.tlog
C:\cocos2dx\Tamagotchi\proj.win32\Debug.win32\link.5348.read.1.tlog
C:\cocos2dx\Tamagotchi\proj.win32\Debug.win32\link.5348.write.1.tlog
C:\cocos2dx\Tamagotchi\proj.win32\Debug.win32\link.5348-cvtres.read.1.tlog
C:\cocos2dx\Tamagotchi\proj.win32\Debug.win32\link.5348-cvtres.write.1.tlog
C:\cocos2dx\Tamagotchi\proj.win32\Debug.win32\link.5424.read.1.tlog
C:\cocos2dx\Tamagotchi\proj.win32\Debug.win32\link.5424.write.1.tlog
C:\cocos2dx\Tamagotchi\proj.win32\Debug.win32\link.5424-cvtres.read.1.tlog
C:\cocos2dx\Tamagotchi\proj.win32\Debug.win32\link.5424-cvtres.write.1.tlog
C:\cocos2dx\Tamagotchi\proj.win32\Debug.win32\link.5556.read.1.tlog
C:\cocos2dx\Tamagotchi\proj.win32\Debug.win32\link.5556.write.1.tlog
C:\cocos2dx\Tamagotchi\proj.win32\Debug.win32\link.5556-cvtres.read.1.tlog
C:\cocos2dx\Tamagotchi\proj.win32\Debug.win32\link.5556-cvtres.write.1.tlog
C:\cocos2dx\Tamagotchi\proj.win32\Debug.win32\link.5644.read.1.tlog
C:\cocos2dx\Tamagotchi\proj.win32\Debug.win32\link.5644.write.1.tlog
C:\cocos2dx\Tamagotchi\proj.win32\Debug.win32\link.5644-cvtres.read.1.tlog
C:\cocos2dx\Tamagotchi\proj.win32\Debug.win32\link.5644-cvtres.write.1.tlog
C:\cocos2dx\Tamagotchi\proj.win32\Debug.win32\link.6168.read.1.tlog
C:\cocos2dx\Tamagotchi\proj.win32\Debug.win32\link.6168.write.1.tlog
C:\cocos2dx\Tamagotchi\proj.win32\Debug.win32\link.6168-cvtres.read.1.tlog
C:\cocos2dx\Tamagotchi\proj.win32\Debug.win32\link.6168-cvtres.write.1.tlog
C:\cocos2dx\Tamagotchi\proj.win32\Debug.win32\link.6256.read.1.tlog
C:\cocos2dx\Tamagotchi\proj.win32\Debug.win32\link.6256.write.1.tlog
C:\cocos2dx\Tamagotchi\proj.win32\Debug.win32\link.6256-cvtres.read.1.tlog
C:\cocos2dx\Tamagotchi\proj.win32\Debug.win32\link.6256-cvtres.write.1.tlog
C:\cocos2dx\Tamagotchi\proj.win32\Debug.win32\link.6300.read.1.tlog
C:\cocos2dx\Tamagotchi\proj.win32\Debug.win32\link.6300.write.1.tlog
C:\cocos2dx\Tamagotchi\proj.win32\Debug.win32\link.6300-cvtres.read.1.tlog
C:\cocos2dx\Tamagotchi\proj.win32\Debug.win32\link.6300-cvtres.write.1.tlog
C:\cocos2dx\Tamagotchi\proj.win32\Debug.win32\link.6500.read.1.tlog
C:\cocos2dx\Tamagotchi\proj.win32\Debug.win32\link.6564.read.1.tlog
C:\cocos2dx\Tamagotchi\proj.win32\Debug.win32\link.6564.write.1.tlog
C:\cocos2dx\Tamagotchi\proj.win32\Debug.win32\link.6564-cvtres.read.1.tlog
C:\cocos2dx\Tamagotchi\proj.win32\Debug.win32\link.6564-cvtres.write.1.tlog
C:\cocos2dx\Tamagotchi\proj.win32\Debug.win32\link.6644.read.1.tlog
C:\cocos2dx\Tamagotchi\proj.win32\Debug.win32\link.6644.write.1.tlog
C:\cocos2dx\Tamagotchi\proj.win32\Debug.win32\link.6644-cvtres.read.1.tlog
C:\cocos2dx\Tamagotchi\proj.win32\Debug.win32\link.6644-cvtres.write.1.tlog
C:\cocos2dx\Tamagotchi\proj.win32\Debug.win32\link.6896.read.1.tlog
C:\cocos2dx\Tamagotchi\proj.win32\Debug.win32\link.6896.write.1.tlog
C:\cocos2dx\Tamagotchi\proj.win32\Debug.win32\link.6896-cvtres.read.1.tlog
C:\cocos2dx\Tamagotchi\proj.win32\Debug.win32\link.6896-cvtres.write.1.tlog
C:\cocos2dx\Tamagotchi\proj.win32\Debug.win32\link.6972.read.1.tlog
C:\cocos2dx\Tamagotchi\proj.win32\Debug.win32\link.6972.write.1.tlog
C:\cocos2dx\Tamagotchi\proj.win32\Debug.win32\link.6972-cvtres.read.1.tlog
C:\cocos2dx\Tamagotchi\proj.win32\Debug.win32\link.6972-cvtres.write.1.tlog
C:\cocos2dx\Tamagotchi\proj.win32\Debug.win32\link.command.1.tlog
C:\cocos2dx\Tamagotchi\proj.win32\Debug.win32\link.read.1.tlog
C:\cocos2dx\Tamagotchi\proj.win32\Debug.win32\link.write.1.tlog
C:\cocos2dx\Tamagotchi\proj.win32\Debug.win32\link-cvtres.read.1.tlog
C:\cocos2dx\Tamagotchi\proj.win32\Debug.win32\link-cvtres.write.1.tlog
C:\COCOS2DX\TAMAGOTCHI\PROJ.WIN32\DEBUG.WIN32\LION.OBJ
C:\COCOS2DX\TAMAGOTCHI\PROJ.WIN32\DEBUG.WIN32\LOADINGSCENE.OBJ
C:\COCOS2DX\TAMAGOTCHI\PROJ.WIN32\DEBUG.WIN32\LOGINSCENE.OBJ
C:\COCOS2DX\TAMAGOTCHI\PROJ.WIN32\DEBUG.WIN32\MAIN.OBJ
C:\COCOS2DX\TAMAGOTCHI\PROJ.WIN32\DEBUG.WIN32\MONKEY.OBJ
C:\cocos2dx\Tamagotchi\proj.win32\Debug.win32\mt.command.1.tlog
C:\cocos2dx\Tamagotchi\proj.win32\Debug.win32\mt.read.1.tlog
C:\cocos2dx\Tamagotchi\proj.win32\Debug.win32\mt.write.1.tlog
C:\COCOS2DX\TAMAGOTCHI\PROJ.WIN32\DEBUG.WIN32\NETWORKMANAGER.OBJ
C:\COCOS2DX\TAMAGOTCHI\PROJ.WIN32\DEBUG.WIN32\PLAYER.OBJ
C:\COCOS2DX\TAMAGOTCHI\PROJ.WIN32\DEBUG.WIN32\PREPARINGSCENE.OBJ
C:\cocos2dx\Tamagotchi\proj.win32\Debug.win32\rc.command.1.tlog
C:\cocos2dx\Tamagotchi\proj.win32\Debug.win32\rc.read.1.tlog
C:\cocos2dx\Tamagotchi\proj.win32\Debug.win32\rc.write.1.tlog
C:\COCOS2DX\TAMAGOTCHI\PROJ.WIN32\DEBUG.WIN32\SCENEMANAGER.OBJ
C:\COCOS2DX\TAMAGOTCHI\PROJ.WIN32\DEBUG.WIN32\SPEAKER.OBJ
C:\COCOS2DX\TAMAGOTCHI\PROJ.WIN32\DEBUG.WIN32\SQUIRREL.OBJ
C:\COCOS2DX\TAMAGOTCHI\PROJ.WIN32\DEBUG.WIN32\TAMAGOTCHI.RES
C:\COCOS2DX\TAMAGOTCHI\PROJ.WIN32\DEBUG.WIN32\TAMAGOTCHI.WIN32.EXE.EMBED.MANIFEST
C:\COCOS2DX\TAMAGOTCHI\PROJ.WIN32\DEBUG.WIN32\TAMAGOTCHI.WIN32.EXE.EMBED.MANIFEST.RES
C:\COCOS2DX\TAMAGOTCHI\PROJ.WIN32\DEBUG.WIN32\TAMAGOTCHI.WIN32.EXE.INTERMEDIATE.MANIFEST
C:\cocos2dx\Tamagotchi\proj.win32\Debug.win32\Tamagotchi.win32_manifest.rc
C:\COCOS2DX\TAMAGOTCHI\PROJ.WIN32\DEBUG.WIN32\UIMANAGER.OBJ
C:\cocos2dx\Tamagotchi\proj.win32\Debug.win32\vc100.idb
C:\COCOS2DX\TAMAGOTCHI\PROJ.WIN32\DEBUG.WIN32\VC100.PDB
